time1507964831_eu32ev32[64, 32, 16, 8]lasso0.1batch128wtask[1, 1]cross_layers2lr0.001std0.01nr1reluadamlosscross
81.0s. epoch=0, loss_total=0.698002, loss_joint=1.015590, loss_lasso=0.000242, val_l=0.496476. 55.2s
App: loss=0.343954, val_l=0.298607, HR=0.800095, NDCG=0.601627, MRR=0.557101, AUC=0.917562
News: loss=0.693171, val_l=0.694346, HR=1.000000, NDCG=1.000000, MRR=1.000000, AUC=0.000000
77.7s. epoch=1, loss_total=0.655814, loss_joint=0.992938, loss_lasso=0.000224, val_l=0.517129. 66.2s
App: loss=0.301779, val_l=0.345088, HR=0.808706, NDCG=0.610737, MRR=0.565536, AUC=0.922299
News: loss=0.693162, val_l=0.689169, HR=1.000000, NDCG=1.000000, MRR=1.000000, AUC=0.000000
75.7s. epoch=2, loss_total=0.641173, loss_joint=0.979582, loss_lasso=0.000228, val_l=0.504266. 55.6s
App: loss=0.287132, val_l=0.308968, HR=0.817403, NDCG=0.622307, MRR=0.577095, AUC=0.927662
News: loss=0.693170, val_l=0.699564, HR=1.000000, NDCG=1.000000, MRR=1.000000, AUC=0.000000
78.0s. epoch=3, loss_total=0.626788, loss_joint=0.966129, loss_lasso=0.000226, val_l=0.482612. 52.6s
App: loss=0.272747, val_l=0.275786, HR=0.828999, NDCG=0.637139, MRR=0.591917, AUC=0.931582
News: loss=0.693172, val_l=0.689438, HR=1.000000, NDCG=1.000000, MRR=1.000000, AUC=0.000000
79.7s. epoch=4, loss_total=0.615771, loss_joint=0.955968, loss_lasso=0.000224, val_l=0.485463. 54.6s
App: loss=0.261730, val_l=0.288316, HR=0.833456, NDCG=0.642842, MRR=0.597491, AUC=0.932792
News: loss=0.693173, val_l=0.682611, HR=1.000000, NDCG=1.000000, MRR=1.000000, AUC=0.000000
79.2s. epoch=5, loss_total=0.607014, loss_joint=0.948456, loss_lasso=0.000226, val_l=0.486702. 53.9s
App: loss=0.252971, val_l=0.277142, HR=0.837610, NDCG=0.648568, MRR=0.603198, AUC=0.935049
News: loss=0.693174, val_l=0.696263, HR=1.000000, NDCG=1.000000, MRR=1.000000, AUC=0.000000
77.1s. epoch=6, loss_total=0.600231, loss_joint=0.941224, loss_lasso=0.000227, val_l=0.475088. 53.0s
App: loss=0.246191, val_l=0.247766, HR=0.839211, NDCG=0.652475, MRR=0.607626, AUC=0.936572
News: loss=0.693168, val_l=0.702411, HR=1.000000, NDCG=1.000000, MRR=1.000000, AUC=0.000000
78.7s. epoch=7, loss_total=0.593929, loss_joint=0.935575, loss_lasso=0.000230, val_l=0.474738. 53.5s
App: loss=0.239887, val_l=0.257360, HR=0.841071, NDCG=0.654861, MRR=0.609974, AUC=0.937525
News: loss=0.693170, val_l=0.692117, HR=1.000000, NDCG=1.000000, MRR=1.000000, AUC=0.000000
76.8s. epoch=8, loss_total=0.588513, loss_joint=0.929935, loss_lasso=0.000232, val_l=0.475416. 53.3s
App: loss=0.234467, val_l=0.259943, HR=0.840942, NDCG=0.658129, MRR=0.614365, AUC=0.937432
News: loss=0.693174, val_l=0.690890, HR=1.000000, NDCG=1.000000, MRR=1.000000, AUC=0.000000
78.7s. epoch=9, loss_total=0.583977, loss_joint=0.925462, loss_lasso=0.000229, val_l=0.460131. 53.1s
App: loss=0.229935, val_l=0.228633, HR=0.840336, NDCG=0.659860, MRR=0.616863, AUC=0.937814
News: loss=0.693172, val_l=0.691629, HR=1.000000, NDCG=1.000000, MRR=1.000000, AUC=0.000000
77.5s. epoch=10, loss_total=0.579677, loss_joint=0.921998, loss_lasso=0.000231, val_l=0.480242. 52.9s
App: loss=0.225632, val_l=0.261804, HR=0.841288, NDCG=0.660363, MRR=0.617118, AUC=0.937968
News: loss=0.693175, val_l=0.698680, HR=1.000000, NDCG=1.000000, MRR=1.000000, AUC=0.000000
78.1s. epoch=11, loss_total=0.575278, loss_joint=0.917025, loss_lasso=0.000230, val_l=0.470519. 53.1s
App: loss=0.221233, val_l=0.248581, HR=0.841591, NDCG=0.662580, MRR=0.619867, AUC=0.938317
News: loss=0.693175, val_l=0.692457, HR=1.000000, NDCG=1.000000, MRR=1.000000, AUC=0.000000
77.8s. epoch=12, loss_total=0.571529, loss_joint=0.913757, loss_lasso=0.000230, val_l=0.480799. 52.7s
App: loss=0.217487, val_l=0.267275, HR=0.839860, NDCG=0.662041, MRR=0.619887, AUC=0.937810
News: loss=0.693170, val_l=0.694323, HR=1.000000, NDCG=1.000000, MRR=1.000000, AUC=0.000000
78.9s. epoch=13, loss_total=0.567943, loss_joint=0.909425, loss_lasso=0.000230, val_l=0.462243. 54.0s
App: loss=0.213904, val_l=0.234385, HR=0.840725, NDCG=0.663372, MRR=0.621264, AUC=0.937756
News: loss=0.693164, val_l=0.690102, HR=1.000000, NDCG=1.000000, MRR=1.000000, AUC=0.000000
79.1s. epoch=14, loss_total=0.564836, loss_joint=0.907240, loss_lasso=0.000228, val_l=0.475753. 52.7s
App: loss=0.210795, val_l=0.253613, HR=0.839946, NDCG=0.664312, MRR=0.622815, AUC=0.938234
News: loss=0.693169, val_l=0.697894, HR=1.000000, NDCG=1.000000, MRR=1.000000, AUC=0.000000
85.4s. epoch=15, loss_total=0.562147, loss_joint=0.904728, loss_lasso=0.000229, val_l=0.449822. 53.9s
App: loss=0.208109, val_l=0.221718, HR=0.841720, NDCG=0.665971, MRR=0.624285, AUC=0.938516
News: loss=0.693163, val_l=0.677925, HR=1.000000, NDCG=1.000000, MRR=1.000000, AUC=0.000000
79.0s. epoch=16, loss_total=0.559362, loss_joint=0.901782, loss_lasso=0.000232, val_l=0.463153. 54.1s
App: loss=0.205319, val_l=0.244400, HR=0.839081, NDCG=0.665506, MRR=0.624661, AUC=0.937550
News: loss=0.693170, val_l=0.681907, HR=1.000000, NDCG=1.000000, MRR=1.000000, AUC=0.000000
79.3s. epoch=17, loss_total=0.555980, loss_joint=0.898134, loss_lasso=0.000231, val_l=0.447417. 54.5s
App: loss=0.201935, val_l=0.212120, HR=0.841288, NDCG=0.666384, MRR=0.624984, AUC=0.937686
News: loss=0.693173, val_l=0.682715, HR=1.000000, NDCG=1.000000, MRR=1.000000, AUC=0.000000
79.5s. epoch=18, loss_total=0.553681, loss_joint=0.896149, loss_lasso=0.000232, val_l=0.462904. 55.2s
App: loss=0.199639, val_l=0.230914, HR=0.840466, NDCG=0.666474, MRR=0.625470, AUC=0.937421
News: loss=0.693167, val_l=0.694894, HR=1.000000, NDCG=1.000000, MRR=1.000000, AUC=0.000000
79.8s. epoch=19, loss_total=0.551108, loss_joint=0.893223, loss_lasso=0.000233, val_l=0.463765. 52.9s
App: loss=0.197063, val_l=0.221021, HR=0.842499, NDCG=0.667763, MRR=0.626290, AUC=0.938279
News: loss=0.693172, val_l=0.706510, HR=1.000000, NDCG=1.000000, MRR=1.000000, AUC=0.000000
78.5s. epoch=20, loss_total=0.548647, loss_joint=0.891107, loss_lasso=0.000234, val_l=0.473229. 55.8s
App: loss=0.194604, val_l=0.255485, HR=0.838865, NDCG=0.666316, MRR=0.625927, AUC=0.936800
News: loss=0.693168, val_l=0.690972, HR=1.000000, NDCG=1.000000, MRR=1.000000, AUC=0.000000
80.0s. epoch=21, loss_total=0.546116, loss_joint=0.889110, loss_lasso=0.000235, val_l=0.458779. 55.5s
App: loss=0.192076, val_l=0.215140, HR=0.838086, NDCG=0.666867, MRR=0.626857, AUC=0.936251
News: loss=0.693163, val_l=0.702419, HR=1.000000, NDCG=1.000000, MRR=1.000000, AUC=0.000000
81.3s. epoch=22, loss_total=0.544097, loss_joint=0.887013, loss_lasso=0.000236, val_l=0.455542. 53.0s
App: loss=0.190051, val_l=0.221301, HR=0.840336, NDCG=0.667405, MRR=0.626789, AUC=0.937620
News: loss=0.693172, val_l=0.689782, HR=1.000000, NDCG=1.000000, MRR=1.000000, AUC=0.000000
79.5s. epoch=23, loss_total=0.542041, loss_joint=0.884798, loss_lasso=0.000237, val_l=0.458103. 55.1s
App: loss=0.187995, val_l=0.214007, HR=0.834408, NDCG=0.664445, MRR=0.625279, AUC=0.935277
News: loss=0.693171, val_l=0.702199, HR=1.000000, NDCG=1.000000, MRR=1.000000, AUC=0.000000
81.3s. epoch=24, loss_total=0.540016, loss_joint=0.882457, loss_lasso=0.000236, val_l=0.454210. 53.6s
App: loss=0.185970, val_l=0.217594, HR=0.832547, NDCG=0.664190, MRR=0.625665, AUC=0.934518
News: loss=0.693170, val_l=0.690826, HR=0.999957, NDCG=0.999957, MRR=0.999961, AUC=0.000000
78.2s. epoch=25, loss_total=0.538135, loss_joint=0.880975, loss_lasso=0.000237, val_l=0.461453. 55.5s
App: loss=0.184089, val_l=0.234248, HR=0.836658, NDCG=0.665604, MRR=0.625935, AUC=0.935682
News: loss=0.693171, val_l=0.688659, HR=1.000000, NDCG=1.000000, MRR=1.000000, AUC=0.000000
79.5s. epoch=26, loss_total=0.535870, loss_joint=0.878702, loss_lasso=0.000238, val_l=0.451509. 55.7s
App: loss=0.181826, val_l=0.213953, HR=0.830903, NDCG=0.662719, MRR=0.624429, AUC=0.933403
News: loss=0.693164, val_l=0.689064, HR=1.000000, NDCG=1.000000, MRR=1.000000, AUC=0.000000
80.0s. epoch=27, loss_total=0.534310, loss_joint=0.876629, loss_lasso=0.000240, val_l=0.443745. 54.6s
App: loss=0.180264, val_l=0.201235, HR=0.832158, NDCG=0.664212, MRR=0.625883, AUC=0.934242
News: loss=0.693169, val_l=0.686255, HR=1.000000, NDCG=1.000000, MRR=1.000000, AUC=0.000000
78.0s. epoch=28, loss_total=0.532499, loss_joint=0.875355, loss_lasso=0.000238, val_l=0.445754. 55.6s
App: loss=0.178454, val_l=0.203814, HR=0.833499, NDCG=0.664636, MRR=0.625885, AUC=0.935043
News: loss=0.693168, val_l=0.687694, HR=1.000000, NDCG=1.000000, MRR=1.000000, AUC=0.000000
79.0s. epoch=29, loss_total=0.531025, loss_joint=0.873469, loss_lasso=0.000238, val_l=0.458948. 56.1s
App: loss=0.176978, val_l=0.219303, HR=0.832331, NDCG=0.664025, MRR=0.625574, AUC=0.933956
News: loss=0.693173, val_l=0.698593, HR=1.000000, NDCG=1.000000, MRR=1.000000, AUC=0.000000
81.4s. epoch=30, loss_total=0.529546, loss_joint=0.872142, loss_lasso=0.000239, val_l=0.457714. 53.3s
App: loss=0.175500, val_l=0.227299, HR=0.831206, NDCG=0.661947, MRR=0.623394, AUC=0.933515
News: loss=0.693169, val_l=0.688129, HR=1.000000, NDCG=1.000000, MRR=1.000000, AUC=0.000000
78.2s. epoch=31, loss_total=0.527883, loss_joint=0.870340, loss_lasso=0.000240, val_l=0.445805. 56.4s
App: loss=0.173839, val_l=0.200693, HR=0.832028, NDCG=0.663496, MRR=0.624972, AUC=0.934098
News: loss=0.693164, val_l=0.690917, HR=1.000000, NDCG=1.000000, MRR=1.000000, AUC=0.000000
78.5s. epoch=32, loss_total=0.527119, loss_joint=0.869793, loss_lasso=0.000241, val_l=0.453648. 54.9s
App: loss=0.173069, val_l=0.210037, HR=0.830427, NDCG=0.661900, MRR=0.623617, AUC=0.933007
News: loss=0.693175, val_l=0.697259, HR=1.000000, NDCG=1.000000, MRR=1.000000, AUC=0.000000
78.5s. epoch=33, loss_total=0.525725, loss_joint=0.868563, loss_lasso=0.000242, val_l=0.448743. 53.8s
App: loss=0.171677, val_l=0.201280, HR=0.832937, NDCG=0.664765, MRR=0.626333, AUC=0.933860
News: loss=0.693170, val_l=0.696206, HR=1.000000, NDCG=1.000000, MRR=1.000000, AUC=0.000000
79.1s. epoch=34, loss_total=0.523692, loss_joint=0.867011, loss_lasso=0.000241, val_l=0.445010. 55.7s
App: loss=0.169645, val_l=0.193124, HR=0.829216, NDCG=0.662450, MRR=0.624811, AUC=0.933100
News: loss=0.693169, val_l=0.696896, HR=1.000000, NDCG=1.000000, MRR=1.000000, AUC=0.000000
78.8s. epoch=35, loss_total=0.523844, loss_joint=0.866385, loss_lasso=0.000242, val_l=0.448500. 55.2s
App: loss=0.169798, val_l=0.201018, HR=0.831898, NDCG=0.663459, MRR=0.625086, AUC=0.933358
News: loss=0.693166, val_l=0.695983, HR=1.000000, NDCG=1.000000, MRR=1.000000, AUC=0.000000
78.2s. epoch=36, loss_total=0.522509, loss_joint=0.864982, loss_lasso=0.000240, val_l=0.453176. 54.6s
App: loss=0.168462, val_l=0.207340, HR=0.831812, NDCG=0.663761, MRR=0.625435, AUC=0.933249
News: loss=0.693168, val_l=0.699012, HR=1.000000, NDCG=1.000000, MRR=1.000000, AUC=0.000000
79.9s. epoch=37, loss_total=0.521782, loss_joint=0.864734, loss_lasso=0.000242, val_l=0.451676. 55.5s
App: loss=0.167736, val_l=0.206854, HR=0.830514, NDCG=0.662157, MRR=0.623836, AUC=0.933288
News: loss=0.693167, val_l=0.696497, HR=1.000000, NDCG=1.000000, MRR=1.000000, AUC=0.000000
78.7s. epoch=38, loss_total=0.521165, loss_joint=0.864198, loss_lasso=0.000241, val_l=0.450179. 53.2s
App: loss=0.167116, val_l=0.208331, HR=0.831682, NDCG=0.663517, MRR=0.625148, AUC=0.933080
News: loss=0.693173, val_l=0.692026, HR=1.000000, NDCG=1.000000, MRR=1.000000, AUC=0.000000
78.1s. epoch=39, loss_total=0.519934, loss_joint=0.862606, loss_lasso=0.000240, val_l=0.448681. 55.0s
App: loss=0.165886, val_l=0.201205, HR=0.830254, NDCG=0.662946, MRR=0.624878, AUC=0.932800
News: loss=0.693171, val_l=0.696157, HR=1.000000, NDCG=1.000000, MRR=1.000000, AUC=0.000000
80.7s. epoch=40, loss_total=0.519605, loss_joint=0.862611, loss_lasso=0.000240, val_l=0.439246. 55.1s
App: loss=0.165558, val_l=0.190129, HR=0.830427, NDCG=0.662453, MRR=0.624212, AUC=0.932758
News: loss=0.693170, val_l=0.688362, HR=1.000000, NDCG=1.000000, MRR=1.000000, AUC=0.000000
78.7s. epoch=41, loss_total=0.518725, loss_joint=0.860705, loss_lasso=0.000239, val_l=0.446090. 54.1s
App: loss=0.164677, val_l=0.199933, HR=0.828437, NDCG=0.662928, MRR=0.625563, AUC=0.931952
News: loss=0.693173, val_l=0.692247, HR=1.000000, NDCG=1.000000, MRR=1.000000, AUC=0.000000
79.8s. epoch=42, loss_total=0.518164, loss_joint=0.860332, loss_lasso=0.000240, val_l=0.456813. 55.8s
App: loss=0.164112, val_l=0.214718, HR=0.827658, NDCG=0.658456, MRR=0.620106, AUC=0.931447
News: loss=0.693179, val_l=0.698907, HR=1.000000, NDCG=1.000000, MRR=1.000000, AUC=0.000000
78.7s. epoch=43, loss_total=0.517275, loss_joint=0.859865, loss_lasso=0.000239, val_l=0.446184. 54.5s
App: loss=0.163232, val_l=0.199469, HR=0.831379, NDCG=0.665220, MRR=0.627368, AUC=0.931997
News: loss=0.693163, val_l=0.692898, HR=1.000000, NDCG=1.000000, MRR=1.000000, AUC=0.000000
78.2s. epoch=44, loss_total=0.517152, loss_joint=0.859382, loss_lasso=0.000238, val_l=0.450365. 55.5s
App: loss=0.163105, val_l=0.213696, HR=0.829216, NDCG=0.662352, MRR=0.624451, AUC=0.931094
News: loss=0.693171, val_l=0.687035, HR=1.000000, NDCG=1.000000, MRR=1.000000, AUC=0.000000
79.3s. epoch=45, loss_total=0.516827, loss_joint=0.859520, loss_lasso=0.000237, val_l=0.440163. 55.5s
App: loss=0.162781, val_l=0.193697, HR=0.830946, NDCG=0.665732, MRR=0.628118, AUC=0.931633
News: loss=0.693171, val_l=0.686629, HR=1.000000, NDCG=1.000000, MRR=1.000000, AUC=0.000000
79.1s. epoch=46, loss_total=0.515860, loss_joint=0.858553, loss_lasso=0.000237, val_l=0.448550. 52.8s
App: loss=0.161817, val_l=0.205380, HR=0.831812, NDCG=0.665603, MRR=0.627659, AUC=0.932062
News: loss=0.693164, val_l=0.691719, HR=1.000000, NDCG=1.000000, MRR=1.000000, AUC=0.000000
78.6s. epoch=47, loss_total=0.515374, loss_joint=0.858009, loss_lasso=0.000237, val_l=0.442840. 55.6s
App: loss=0.161327, val_l=0.189559, HR=0.828177, NDCG=0.665128, MRR=0.628433, AUC=0.930753
News: loss=0.693172, val_l=0.696121, HR=1.000000, NDCG=1.000000, MRR=1.000000, AUC=0.000000
78.7s. epoch=48, loss_total=0.514479, loss_joint=0.856882, loss_lasso=0.000238, val_l=0.448740. 54.5s
App: loss=0.160431, val_l=0.200954, HR=0.833413, NDCG=0.664817, MRR=0.625880, AUC=0.932171
News: loss=0.693174, val_l=0.696526, HR=1.000000, NDCG=1.000000, MRR=1.000000, AUC=0.000001
77.0s. epoch=49, loss_total=0.513437, loss_joint=0.855937, loss_lasso=0.000237, val_l=0.440822. 51.2s
App: loss=0.159388, val_l=0.193965, HR=0.829735, NDCG=0.663974, MRR=0.626339, AUC=0.931584
News: loss=0.693177, val_l=0.687679, HR=1.000000, NDCG=1.000000, MRR=1.000000, AUC=0.000000
bestHR_app = 0.842499 at epoch 19
bestNDCG_app = 0.667763 at epoch 19
bestMRR_app = 0.628433 at epoch 47
bestAUC_app = 0.938516 at epoch 15
bestHR_news = 0.000000 at epoch -1
bestNDCG_news = 0.000000 at epoch -1
bestMRR_news = 0.000000 at epoch -1
bestAUC_news = 0.000001 at epoch 48
total time = 111.3
