time1507972953_eu32ev32[64, 32, 16, 8]lasso0.01batch128wtask[1, 1]cross_layers2lr0.001std0.01nr1reluadamlosscross
80.3s. epoch=0, loss_total=0.693759, loss_joint=1.019048, loss_lasso=0.000028, val_l=0.511067. 55.3s
App: loss=0.339819, val_l=0.318412, HR=0.796504, NDCG=0.598110, MRR=0.553898, AUC=0.915636
News: loss=0.693174, val_l=0.703722, HR=1.000000, NDCG=1.000000, MRR=1.000000, AUC=0.000000
79.5s. epoch=1, loss_total=0.657135, loss_joint=0.994570, loss_lasso=0.000028, val_l=0.486627. 55.1s
App: loss=0.303199, val_l=0.302361, HR=0.809139, NDCG=0.610869, MRR=0.565459, AUC=0.922362
News: loss=0.693163, val_l=0.670894, HR=1.000000, NDCG=1.000000, MRR=1.000000, AUC=0.000000
80.0s. epoch=2, loss_total=0.640547, loss_joint=0.980144, loss_lasso=0.000029, val_l=0.494285. 53.7s
App: loss=0.286606, val_l=0.298415, HR=0.818528, NDCG=0.623676, MRR=0.578357, AUC=0.926456
News: loss=0.693172, val_l=0.690155, HR=1.000000, NDCG=1.000000, MRR=1.000000, AUC=0.000000
78.2s. epoch=3, loss_total=0.625942, loss_joint=0.965012, loss_lasso=0.000029, val_l=0.480523. 54.6s
App: loss=0.272004, val_l=0.279305, HR=0.825365, NDCG=0.635077, MRR=0.590595, AUC=0.930257
News: loss=0.693167, val_l=0.681741, HR=1.000000, NDCG=1.000000, MRR=1.000000, AUC=0.000000
77.5s. epoch=4, loss_total=0.614311, loss_joint=0.955010, loss_lasso=0.000029, val_l=0.492572. 53.6s
App: loss=0.260370, val_l=0.283068, HR=0.829345, NDCG=0.642519, MRR=0.598651, AUC=0.932942
News: loss=0.693175, val_l=0.702075, HR=1.000000, NDCG=1.000000, MRR=1.000000, AUC=0.000000
76.6s. epoch=5, loss_total=0.606087, loss_joint=0.947261, loss_lasso=0.000029, val_l=0.495693. 54.1s
App: loss=0.252148, val_l=0.290050, HR=0.835792, NDCG=0.648353, MRR=0.603711, AUC=0.934886
News: loss=0.693170, val_l=0.701337, HR=1.000000, NDCG=1.000000, MRR=1.000000, AUC=0.000000
76.7s. epoch=6, loss_total=0.598420, loss_joint=0.939593, loss_lasso=0.000030, val_l=0.485016. 54.1s
App: loss=0.244478, val_l=0.266325, HR=0.834970, NDCG=0.652345, MRR=0.609127, AUC=0.936053
News: loss=0.693174, val_l=0.703707, HR=1.000000, NDCG=1.000000, MRR=1.000000, AUC=0.000000
75.8s. epoch=7, loss_total=0.592036, loss_joint=0.933302, loss_lasso=0.000030, val_l=0.477702. 52.9s
App: loss=0.238096, val_l=0.272215, HR=0.837653, NDCG=0.656575, MRR=0.613474, AUC=0.936284
News: loss=0.693170, val_l=0.683189, HR=1.000000, NDCG=1.000000, MRR=1.000000, AUC=0.000000
77.1s. epoch=8, loss_total=0.586464, loss_joint=0.928121, loss_lasso=0.000030, val_l=0.477787. 54.5s
App: loss=0.232525, val_l=0.247180, HR=0.839038, NDCG=0.659171, MRR=0.616311, AUC=0.937018
News: loss=0.693168, val_l=0.708393, HR=1.000000, NDCG=1.000000, MRR=1.000000, AUC=0.000000
78.7s. epoch=9, loss_total=0.582160, loss_joint=0.923357, loss_lasso=0.000030, val_l=0.466535. 51.9s
App: loss=0.228219, val_l=0.242305, HR=0.839946, NDCG=0.658977, MRR=0.615576, AUC=0.937376
News: loss=0.693173, val_l=0.690764, HR=1.000000, NDCG=1.000000, MRR=1.000000, AUC=0.000000
76.6s. epoch=10, loss_total=0.577597, loss_joint=0.919764, loss_lasso=0.000030, val_l=0.476685. 53.9s
App: loss=0.223659, val_l=0.258375, HR=0.842845, NDCG=0.665120, MRR=0.622449, AUC=0.937033
News: loss=0.693165, val_l=0.694996, HR=1.000000, NDCG=1.000000, MRR=1.000000, AUC=0.000000
76.5s. epoch=11, loss_total=0.573462, loss_joint=0.915348, loss_lasso=0.000031, val_l=0.472451. 52.5s
App: loss=0.219519, val_l=0.248251, HR=0.838518, NDCG=0.663941, MRR=0.622607, AUC=0.936673
News: loss=0.693175, val_l=0.696651, HR=1.000000, NDCG=1.000000, MRR=1.000000, AUC=0.000000
77.2s. epoch=12, loss_total=0.570075, loss_joint=0.912716, loss_lasso=0.000031, val_l=0.474929. 54.5s
App: loss=0.216132, val_l=0.258112, HR=0.840336, NDCG=0.665674, MRR=0.624053, AUC=0.936538
News: loss=0.693175, val_l=0.691746, HR=1.000000, NDCG=1.000000, MRR=1.000000, AUC=0.000000
76.4s. epoch=13, loss_total=0.566134, loss_joint=0.907938, loss_lasso=0.000031, val_l=0.471838. 53.3s
App: loss=0.212194, val_l=0.239453, HR=0.838735, NDCG=0.663602, MRR=0.622134, AUC=0.936835
News: loss=0.693169, val_l=0.704223, HR=1.000000, NDCG=1.000000, MRR=1.000000, AUC=0.000000
76.2s. epoch=14, loss_total=0.563282, loss_joint=0.905464, loss_lasso=0.000031, val_l=0.468823. 54.2s
App: loss=0.209342, val_l=0.243553, HR=0.838389, NDCG=0.667498, MRR=0.627307, AUC=0.936688
News: loss=0.693169, val_l=0.694093, HR=1.000000, NDCG=1.000000, MRR=1.000000, AUC=0.000000
77.0s. epoch=15, loss_total=0.560155, loss_joint=0.902523, loss_lasso=0.000031, val_l=0.461265. 54.7s
App: loss=0.206218, val_l=0.227097, HR=0.835879, NDCG=0.664891, MRR=0.624997, AUC=0.935855
News: loss=0.693163, val_l=0.695433, HR=1.000000, NDCG=1.000000, MRR=1.000000, AUC=0.000000
77.3s. epoch=16, loss_total=0.557034, loss_joint=0.899104, loss_lasso=0.000032, val_l=0.452662. 53.2s
App: loss=0.203095, val_l=0.212375, HR=0.837610, NDCG=0.664907, MRR=0.624325, AUC=0.936721
News: loss=0.693167, val_l=0.692949, HR=1.000000, NDCG=1.000000, MRR=1.000000, AUC=0.000000
76.9s. epoch=17, loss_total=0.554501, loss_joint=0.897203, loss_lasso=0.000032, val_l=0.458300. 54.2s
App: loss=0.200560, val_l=0.219609, HR=0.838908, NDCG=0.668657, MRR=0.628553, AUC=0.935463
News: loss=0.693170, val_l=0.696991, HR=1.000000, NDCG=1.000000, MRR=1.000000, AUC=0.000000
77.8s. epoch=18, loss_total=0.552137, loss_joint=0.894422, loss_lasso=0.000032, val_l=0.454294. 54.1s
App: loss=0.198194, val_l=0.213061, HR=0.835533, NDCG=0.665924, MRR=0.626524, AUC=0.934667
News: loss=0.693174, val_l=0.695527, HR=1.000000, NDCG=1.000000, MRR=1.000000, AUC=0.000000
75.5s. epoch=19, loss_total=0.549123, loss_joint=0.891755, loss_lasso=0.000032, val_l=0.460308. 54.3s
App: loss=0.195182, val_l=0.221728, HR=0.836052, NDCG=0.665821, MRR=0.626106, AUC=0.934000
News: loss=0.693170, val_l=0.698888, HR=1.000000, NDCG=1.000000, MRR=1.000000, AUC=0.000000
76.9s. epoch=20, loss_total=0.547022, loss_joint=0.889099, loss_lasso=0.000033, val_l=0.455527. 54.6s
App: loss=0.193083, val_l=0.219344, HR=0.840898, NDCG=0.671016, MRR=0.630947, AUC=0.935851
News: loss=0.693167, val_l=0.691710, HR=1.000000, NDCG=1.000000, MRR=1.000000, AUC=0.000000
76.1s. epoch=21, loss_total=0.544922, loss_joint=0.887014, loss_lasso=0.000033, val_l=0.464509. 52.5s
App: loss=0.190980, val_l=0.239695, HR=0.838042, NDCG=0.670900, MRR=0.631754, AUC=0.932900
News: loss=0.693170, val_l=0.689323, HR=1.000000, NDCG=1.000000, MRR=1.000000, AUC=0.000000
76.3s. epoch=22, loss_total=0.543024, loss_joint=0.885586, loss_lasso=0.000034, val_l=0.456475. 55.4s
App: loss=0.189081, val_l=0.218414, HR=0.836874, NDCG=0.668367, MRR=0.628863, AUC=0.932694
News: loss=0.693172, val_l=0.694536, HR=1.000000, NDCG=1.000000, MRR=1.000000, AUC=0.000000
77.0s. epoch=23, loss_total=0.541155, loss_joint=0.884113, loss_lasso=0.000033, val_l=0.462359. 53.5s
App: loss=0.187212, val_l=0.227471, HR=0.839903, NDCG=0.668752, MRR=0.628444, AUC=0.934112
News: loss=0.693173, val_l=0.697248, HR=1.000000, NDCG=1.000000, MRR=1.000000, AUC=0.000000
75.9s. epoch=24, loss_total=0.539247, loss_joint=0.881664, loss_lasso=0.000033, val_l=0.462728. 53.9s
App: loss=0.185308, val_l=0.229901, HR=0.839990, NDCG=0.669739, MRR=0.629489, AUC=0.932497
News: loss=0.693164, val_l=0.695554, HR=1.000000, NDCG=1.000000, MRR=1.000000, AUC=0.000000
78.1s. epoch=25, loss_total=0.537824, loss_joint=0.880297, loss_lasso=0.000033, val_l=0.460706. 54.5s
App: loss=0.183883, val_l=0.227201, HR=0.837480, NDCG=0.670175, MRR=0.631111, AUC=0.931824
News: loss=0.693170, val_l=0.694210, HR=1.000000, NDCG=1.000000, MRR=1.000000, AUC=0.000000
76.3s. epoch=26, loss_total=0.536415, loss_joint=0.878631, loss_lasso=0.000034, val_l=0.458079. 52.8s
App: loss=0.182471, val_l=0.226413, HR=0.840509, NDCG=0.673552, MRR=0.634056, AUC=0.929623
News: loss=0.693174, val_l=0.689745, HR=1.000000, NDCG=1.000000, MRR=1.000000, AUC=0.000000
77.1s. epoch=27, loss_total=0.534793, loss_joint=0.877173, loss_lasso=0.000034, val_l=0.457284. 54.3s
App: loss=0.180851, val_l=0.222589, HR=0.839946, NDCG=0.672245, MRR=0.632695, AUC=0.931705
News: loss=0.693171, val_l=0.691979, HR=1.000000, NDCG=1.000000, MRR=1.000000, AUC=0.000000
76.3s. epoch=28, loss_total=0.532938, loss_joint=0.874878, loss_lasso=0.000034, val_l=0.464271. 52.0s
App: loss=0.178995, val_l=0.231428, HR=0.840725, NDCG=0.671138, MRR=0.630934, AUC=0.930345
News: loss=0.693172, val_l=0.697114, HR=1.000000, NDCG=1.000000, MRR=1.000000, AUC=0.000000
77.0s. epoch=29, loss_total=0.532086, loss_joint=0.874299, loss_lasso=0.000034, val_l=0.456241. 54.6s
App: loss=0.178143, val_l=0.221101, HR=0.838172, NDCG=0.669535, MRR=0.629814, AUC=0.929284
News: loss=0.693173, val_l=0.691380, HR=1.000000, NDCG=1.000000, MRR=1.000000, AUC=0.000000
78.2s. epoch=30, loss_total=0.531538, loss_joint=0.873735, loss_lasso=0.000034, val_l=0.455937. 54.2s
App: loss=0.177600, val_l=0.222745, HR=0.841893, NDCG=0.672349, MRR=0.632025, AUC=0.930078
News: loss=0.693163, val_l=0.689128, HR=1.000000, NDCG=1.000000, MRR=1.000000, AUC=0.000000
76.4s. epoch=31, loss_total=0.530140, loss_joint=0.872648, loss_lasso=0.000034, val_l=0.449346. 53.3s
App: loss=0.176200, val_l=0.205219, HR=0.839860, NDCG=0.672992, MRR=0.633616, AUC=0.928568
News: loss=0.693168, val_l=0.693474, HR=1.000000, NDCG=1.000000, MRR=1.000000, AUC=0.000000
76.1s. epoch=32, loss_total=0.529727, loss_joint=0.872326, loss_lasso=0.000034, val_l=0.459023. 54.0s
App: loss=0.175788, val_l=0.219944, HR=0.844533, NDCG=0.671708, MRR=0.630109, AUC=0.929259
News: loss=0.693165, val_l=0.698102, HR=1.000000, NDCG=1.000000, MRR=1.000000, AUC=0.000000
75.6s. epoch=33, loss_total=0.528857, loss_joint=0.871512, loss_lasso=0.000034, val_l=0.450555. 52.9s
App: loss=0.174915, val_l=0.213595, HR=0.843711, NDCG=0.673129, MRR=0.632311, AUC=0.928417
News: loss=0.693169, val_l=0.687514, HR=1.000000, NDCG=1.000000, MRR=1.000000, AUC=0.000000
77.0s. epoch=34, loss_total=0.528240, loss_joint=0.870535, loss_lasso=0.000034, val_l=0.462844. 54.9s
App: loss=0.174298, val_l=0.227426, HR=0.843494, NDCG=0.672070, MRR=0.631039, AUC=0.926668
News: loss=0.693172, val_l=0.698262, HR=1.000000, NDCG=1.000000, MRR=1.000000, AUC=0.000000
76.4s. epoch=35, loss_total=0.527680, loss_joint=0.870117, loss_lasso=0.000034, val_l=0.456798. 52.9s
App: loss=0.173736, val_l=0.213011, HR=0.844057, NDCG=0.674118, MRR=0.633389, AUC=0.927096
News: loss=0.693172, val_l=0.700586, HR=1.000000, NDCG=1.000000, MRR=1.000000, AUC=0.000000
75.6s. epoch=36, loss_total=0.526524, loss_joint=0.869195, loss_lasso=0.000034, val_l=0.454043. 53.6s
App: loss=0.172578, val_l=0.219306, HR=0.846523, NDCG=0.674555, MRR=0.632861, AUC=0.926348
News: loss=0.693177, val_l=0.688779, HR=1.000000, NDCG=1.000000, MRR=1.000000, AUC=0.000000
77.0s. epoch=37, loss_total=0.526535, loss_joint=0.868610, loss_lasso=0.000034, val_l=0.445321. 54.3s
App: loss=0.172593, val_l=0.206213, HR=0.842196, NDCG=0.668335, MRR=0.626660, AUC=0.925650
News: loss=0.693171, val_l=0.684429, HR=1.000000, NDCG=1.000000, MRR=1.000000, AUC=0.000000
77.3s. epoch=38, loss_total=0.525633, loss_joint=0.867744, loss_lasso=0.000035, val_l=0.467336. 51.8s
App: loss=0.171692, val_l=0.224767, HR=0.845139, NDCG=0.669770, MRR=0.627410, AUC=0.924808
News: loss=0.693168, val_l=0.709904, HR=1.000000, NDCG=1.000000, MRR=1.000000, AUC=0.000000
77.4s. epoch=39, loss_total=0.524941, loss_joint=0.866473, loss_lasso=0.000034, val_l=0.452580. 54.0s
App: loss=0.170999, val_l=0.198506, HR=0.844143, NDCG=0.675130, MRR=0.634596, AUC=0.925480
News: loss=0.693169, val_l=0.706655, HR=1.000000, NDCG=1.000000, MRR=1.000000, AUC=0.000000
77.1s. epoch=40, loss_total=0.525224, loss_joint=0.866967, loss_lasso=0.000035, val_l=0.460699. 52.3s
App: loss=0.171280, val_l=0.230036, HR=0.845961, NDCG=0.674807, MRR=0.633564, AUC=0.923115
News: loss=0.693174, val_l=0.691362, HR=1.000000, NDCG=1.000000, MRR=1.000000, AUC=0.000000
76.4s. epoch=41, loss_total=0.524540, loss_joint=0.866501, loss_lasso=0.000035, val_l=0.448983. 54.2s
App: loss=0.170596, val_l=0.213610, HR=0.847432, NDCG=0.675085, MRR=0.633265, AUC=0.924275
News: loss=0.693172, val_l=0.684356, HR=1.000000, NDCG=1.000000, MRR=1.000000, AUC=0.000000
77.0s. epoch=42, loss_total=0.524311, loss_joint=0.866492, loss_lasso=0.000035, val_l=0.453137. 52.3s
App: loss=0.170366, val_l=0.215286, HR=0.845052, NDCG=0.668421, MRR=0.625652, AUC=0.924322
News: loss=0.693175, val_l=0.690989, HR=1.000000, NDCG=1.000000, MRR=1.000000, AUC=0.000000
76.0s. epoch=43, loss_total=0.524079, loss_joint=0.865628, loss_lasso=0.000035, val_l=0.454301. 54.4s
App: loss=0.170137, val_l=0.214056, HR=0.845009, NDCG=0.674892, MRR=0.634141, AUC=0.923132
News: loss=0.693169, val_l=0.694546, HR=1.000000, NDCG=0.999952, MRR=0.999935, AUC=0.000000
77.2s. epoch=44, loss_total=0.523280, loss_joint=0.865317, loss_lasso=0.000034, val_l=0.454380. 52.9s
App: loss=0.169337, val_l=0.217461, HR=0.846783, NDCG=0.673370, MRR=0.631144, AUC=0.919685
News: loss=0.693172, val_l=0.691299, HR=1.000000, NDCG=1.000000, MRR=1.000000, AUC=0.000000
76.2s. epoch=45, loss_total=0.523252, loss_joint=0.865294, loss_lasso=0.000035, val_l=0.449014. 52.4s
App: loss=0.169310, val_l=0.217607, HR=0.848427, NDCG=0.667899, MRR=0.623696, AUC=0.922465
News: loss=0.693167, val_l=0.680421, HR=1.000000, NDCG=1.000000, MRR=1.000000, AUC=0.000000
76.1s. epoch=46, loss_total=0.523192, loss_joint=0.865374, loss_lasso=0.000035, val_l=0.454739. 53.9s
App: loss=0.169249, val_l=0.225105, HR=0.849595, NDCG=0.675794, MRR=0.633359, AUC=0.921372
News: loss=0.693172, val_l=0.684372, HR=1.000000, NDCG=1.000000, MRR=1.000000, AUC=0.000000
77.0s. epoch=47, loss_total=0.523477, loss_joint=0.865707, loss_lasso=0.000035, val_l=0.470624. 52.9s
App: loss=0.169536, val_l=0.242325, HR=0.854701, NDCG=0.676883, MRR=0.632896, AUC=0.922921
News: loss=0.693167, val_l=0.698923, HR=1.000000, NDCG=1.000000, MRR=1.000000, AUC=0.000000
76.3s. epoch=48, loss_total=0.523292, loss_joint=0.865315, loss_lasso=0.000035, val_l=0.457754. 53.0s
App: loss=0.169350, val_l=0.234495, HR=0.851110, NDCG=0.675541, MRR=0.632615, AUC=0.922552
News: loss=0.693169, val_l=0.681013, HR=1.000000, NDCG=1.000000, MRR=1.000000, AUC=0.000000
76.8s. epoch=49, loss_total=0.522413, loss_joint=0.864620, loss_lasso=0.000035, val_l=0.463709. 53.3s
App: loss=0.168472, val_l=0.222014, HR=0.854225, NDCG=0.669101, MRR=0.622883, AUC=0.920094
News: loss=0.693168, val_l=0.705403, HR=1.000000, NDCG=1.000000, MRR=1.000000, AUC=0.000000
bestHR_app = 0.854701 at epoch 47
bestNDCG_app = 0.676883 at epoch 47
bestMRR_app = 0.634596 at epoch 39
bestAUC_app = 0.937376 at epoch 9
bestHR_news = 0.000000 at epoch -1
bestNDCG_news = 0.000000 at epoch -1
bestMRR_news = 0.000000 at epoch -1
bestAUC_news = 0.000000 at epoch -1
total time = 108.9
