time1507972882_eu32ev32[64, 32, 16, 8]lasso0.5batch128wtask[1, 1]cross_layers2lr0.001std0.01nr1reluadamlosscross
81.9s. epoch=0, loss_total=0.695034, loss_joint=1.016716, loss_lasso=0.001236, val_l=0.507025. 53.8s
App: loss=0.340479, val_l=0.311537, HR=0.798408, NDCG=0.599048, MRR=0.554393, AUC=0.916389
News: loss=0.693169, val_l=0.702513, HR=0.992990, NDCG=0.992788, MRR=0.993367, AUC=0.004823
79.5s. epoch=1, loss_total=0.654710, loss_joint=0.991700, loss_lasso=0.001077, val_l=0.497252. 55.3s
App: loss=0.300233, val_l=0.298623, HR=0.812427, NDCG=0.612369, MRR=0.566089, AUC=0.923967
News: loss=0.693174, val_l=0.695880, HR=1.000000, NDCG=1.000000, MRR=1.000000, AUC=0.000000
80.2s. epoch=2, loss_total=0.637850, loss_joint=0.976211, loss_lasso=0.001059, val_l=0.496125. 54.1s
App: loss=0.283385, val_l=0.293598, HR=0.821903, NDCG=0.623057, MRR=0.576251, AUC=0.928185
News: loss=0.693169, val_l=0.698652, HR=1.000000, NDCG=1.000000, MRR=1.000000, AUC=0.000000
78.3s. epoch=3, loss_total=0.624983, loss_joint=0.964036, loss_lasso=0.001061, val_l=0.487635. 55.1s
App: loss=0.270515, val_l=0.271966, HR=0.828523, NDCG=0.634033, MRR=0.587927, AUC=0.932327
News: loss=0.693174, val_l=0.703303, HR=1.000000, NDCG=1.000000, MRR=1.000000, AUC=0.000000
79.5s. epoch=4, loss_total=0.615345, loss_joint=0.955203, loss_lasso=0.001063, val_l=0.484515. 55.8s
App: loss=0.260882, val_l=0.276385, HR=0.831292, NDCG=0.641267, MRR=0.596312, AUC=0.933272
News: loss=0.693163, val_l=0.692644, HR=1.000000, NDCG=1.000000, MRR=1.000000, AUC=0.000000
79.7s. epoch=5, loss_total=0.607733, loss_joint=0.948227, loss_lasso=0.001051, val_l=0.476957. 52.5s
App: loss=0.253273, val_l=0.261873, HR=0.836961, NDCG=0.648013, MRR=0.602763, AUC=0.935566
News: loss=0.693168, val_l=0.692041, HR=1.000000, NDCG=1.000000, MRR=1.000000, AUC=0.000000
79.8s. epoch=6, loss_total=0.600820, loss_joint=0.941391, loss_lasso=0.001049, val_l=0.480934. 55.3s
App: loss=0.246358, val_l=0.277065, HR=0.837264, NDCG=0.650009, MRR=0.605226, AUC=0.936216
News: loss=0.693174, val_l=0.684803, HR=1.000000, NDCG=1.000000, MRR=1.000000, AUC=0.000000
79.4s. epoch=7, loss_total=0.595117, loss_joint=0.936042, loss_lasso=0.001047, val_l=0.473832. 54.2s
App: loss=0.240656, val_l=0.253735, HR=0.839124, NDCG=0.652468, MRR=0.607744, AUC=0.936883
News: loss=0.693173, val_l=0.693929, HR=1.000000, NDCG=1.000000, MRR=1.000000, AUC=0.000000
78.5s. epoch=8, loss_total=0.590690, loss_joint=0.932258, loss_lasso=0.001050, val_l=0.473200. 54.6s
App: loss=0.236226, val_l=0.258950, HR=0.837696, NDCG=0.653973, MRR=0.610219, AUC=0.936789
News: loss=0.693178, val_l=0.687449, HR=1.000000, NDCG=1.000000, MRR=1.000000, AUC=0.000000
79.0s. epoch=9, loss_total=0.585445, loss_joint=0.927043, loss_lasso=0.001049, val_l=0.470803. 57.2s
App: loss=0.230986, val_l=0.255923, HR=0.844014, NDCG=0.659066, MRR=0.614435, AUC=0.937995
News: loss=0.693168, val_l=0.685683, HR=1.000000, NDCG=1.000000, MRR=1.000000, AUC=0.000000
81.2s. epoch=10, loss_total=0.581676, loss_joint=0.923347, loss_lasso=0.001050, val_l=0.459550. 54.4s
App: loss=0.227217, val_l=0.230691, HR=0.843538, NDCG=0.661604, MRR=0.617988, AUC=0.937872
News: loss=0.693168, val_l=0.688409, HR=1.000000, NDCG=1.000000, MRR=1.000000, AUC=0.000000
78.9s. epoch=11, loss_total=0.577229, loss_joint=0.919143, loss_lasso=0.001047, val_l=0.481999. 55.3s
App: loss=0.222769, val_l=0.267981, HR=0.840768, NDCG=0.661181, MRR=0.618476, AUC=0.937895
News: loss=0.693171, val_l=0.696017, HR=1.000000, NDCG=1.000000, MRR=1.000000, AUC=0.000000
80.8s. epoch=12, loss_total=0.549798, loss_joint=0.868468, loss_lasso=0.001049, val_l=0.396004. 56.1s
App: loss=0.219389, val_l=0.264273, HR=0.843018, NDCG=0.662874, MRR=0.619844, AUC=0.938252
News: loss=0.646064, val_l=0.527735, HR=0.496820, NDCG=0.373264, MRR=0.383163, AUC=0.770476
79.7s. epoch=13, loss_total=0.502642, loss_joint=0.779804, loss_lasso=0.001055, val_l=0.397698. 54.6s
App: loss=0.215694, val_l=0.252921, HR=0.839470, NDCG=0.662883, MRR=0.621223, AUC=0.937369
News: loss=0.560941, val_l=0.542476, HR=0.503959, NDCG=0.294862, MRR=0.275915, AUC=0.787891
80.1s. epoch=14, loss_total=0.492613, loss_joint=0.762753, loss_lasso=0.001059, val_l=0.380278. 55.7s
App: loss=0.212415, val_l=0.237693, HR=0.837826, NDCG=0.661439, MRR=0.620047, AUC=0.936931
News: loss=0.547716, val_l=0.522863, HR=0.508849, NDCG=0.295497, MRR=0.274841, AUC=0.790146
80.8s. epoch=15, loss_total=0.484203, loss_joint=0.750059, loss_lasso=0.001066, val_l=0.392105. 54.3s
App: loss=0.209026, val_l=0.245086, HR=0.840466, NDCG=0.663090, MRR=0.621171, AUC=0.937228
News: loss=0.537875, val_l=0.539124, HR=0.511055, NDCG=0.302988, MRR=0.283991, AUC=0.790390
79.1s. epoch=16, loss_total=0.475483, loss_joint=0.735107, loss_lasso=0.001070, val_l=0.391203. 56.8s
App: loss=0.206243, val_l=0.241822, HR=0.839211, NDCG=0.662851, MRR=0.621340, AUC=0.936756
News: loss=0.526242, val_l=0.540583, HR=0.510666, NDCG=0.299579, MRR=0.279445, AUC=0.791331
78.5s. epoch=17, loss_total=0.463498, loss_joint=0.715399, loss_lasso=0.001078, val_l=0.368049. 56.0s
App: loss=0.203040, val_l=0.241036, HR=0.839124, NDCG=0.664097, MRR=0.623040, AUC=0.936664
News: loss=0.509035, val_l=0.495061, HR=0.514950, NDCG=0.300821, MRR=0.279246, AUC=0.793885
81.6s. epoch=18, loss_total=0.450931, loss_joint=0.692977, loss_lasso=0.001088, val_l=0.360744. 55.3s
App: loss=0.200525, val_l=0.228156, HR=0.840119, NDCG=0.665836, MRR=0.624877, AUC=0.937058
News: loss=0.489338, val_l=0.493332, HR=0.520272, NDCG=0.305054, MRR=0.282596, AUC=0.797060
79.7s. epoch=19, loss_total=0.439225, loss_joint=0.672472, loss_lasso=0.001094, val_l=0.336749. 56.4s
App: loss=0.198441, val_l=0.231038, HR=0.836658, NDCG=0.659746, MRR=0.618309, AUC=0.935949
News: loss=0.470486, val_l=0.442461, HR=0.530570, NDCG=0.313323, MRR=0.289326, AUC=0.800983
79.3s. epoch=20, loss_total=0.427929, loss_joint=0.652546, loss_lasso=0.001098, val_l=0.337067. 56.8s
App: loss=0.196242, val_l=0.217046, HR=0.835490, NDCG=0.661359, MRR=0.620840, AUC=0.936198
News: loss=0.452667, val_l=0.457087, HR=0.535286, NDCG=0.317199, MRR=0.292505, AUC=0.804892
80.3s. epoch=21, loss_total=0.418376, loss_joint=0.636038, loss_lasso=0.001106, val_l=0.345742. 53.6s
App: loss=0.194005, val_l=0.223581, HR=0.834884, NDCG=0.661414, MRR=0.621149, AUC=0.935741
News: loss=0.438329, val_l=0.467902, HR=0.543118, NDCG=0.324685, MRR=0.299133, AUC=0.808131
80.2s. epoch=22, loss_total=0.408544, loss_joint=0.618192, loss_lasso=0.001112, val_l=0.322829. 56.1s
App: loss=0.191502, val_l=0.207000, HR=0.836917, NDCG=0.662563, MRR=0.621816, AUC=0.936074
News: loss=0.423971, val_l=0.438658, HR=0.547878, NDCG=0.332286, MRR=0.307196, AUC=0.810536
80.4s. epoch=23, loss_total=0.399655, loss_joint=0.604264, loss_lasso=0.001116, val_l=0.317936. 56.8s
App: loss=0.189124, val_l=0.208706, HR=0.833672, NDCG=0.661818, MRR=0.622168, AUC=0.935087
News: loss=0.411214, val_l=0.427165, HR=0.555753, NDCG=0.335020, MRR=0.307555, AUC=0.813680
79.6s. epoch=24, loss_total=0.390992, loss_joint=0.588580, loss_lasso=0.001122, val_l=0.334661. 54.3s
App: loss=0.187223, val_l=0.236255, HR=0.834408, NDCG=0.660982, MRR=0.620748, AUC=0.934778
News: loss=0.397966, val_l=0.433068, HR=0.559950, NDCG=0.344307, MRR=0.318090, AUC=0.815903
79.1s. epoch=25, loss_total=0.382919, loss_joint=0.574495, loss_lasso=0.001126, val_l=0.321928. 56.5s
App: loss=0.185412, val_l=0.205267, HR=0.836831, NDCG=0.660215, MRR=0.618876, AUC=0.935063
News: loss=0.385697, val_l=0.438589, HR=0.565661, NDCG=0.354474, MRR=0.329134, AUC=0.816543
80.0s. epoch=26, loss_total=0.375533, loss_joint=0.561368, loss_lasso=0.001131, val_l=0.321361. 55.9s
App: loss=0.183765, val_l=0.218041, HR=0.831249, NDCG=0.660730, MRR=0.621778, AUC=0.933267
News: loss=0.374452, val_l=0.424681, HR=0.557700, NDCG=0.343277, MRR=0.317608, AUC=0.817200
79.2s. epoch=27, loss_total=0.367991, loss_joint=0.549146, loss_lasso=0.001135, val_l=0.317635. 54.8s
App: loss=0.181803, val_l=0.229739, HR=0.836052, NDCG=0.661159, MRR=0.620329, AUC=0.934897
News: loss=0.363518, val_l=0.405530, HR=0.568647, NDCG=0.354338, MRR=0.327716, AUC=0.821083
80.0s. epoch=28, loss_total=0.361659, loss_joint=0.537894, loss_lasso=0.001137, val_l=0.304524. 56.0s
App: loss=0.180364, val_l=0.217872, HR=0.832028, NDCG=0.661712, MRR=0.622654, AUC=0.934393
News: loss=0.353934, val_l=0.391175, HR=0.573536, NDCG=0.369998, MRR=0.346653, AUC=0.821107
80.8s. epoch=29, loss_total=0.355086, loss_joint=0.526410, loss_lasso=0.001141, val_l=0.311267. 56.5s
App: loss=0.178629, val_l=0.229186, HR=0.830211, NDCG=0.660262, MRR=0.621548, AUC=0.932520
News: loss=0.344454, val_l=0.393348, HR=0.571113, NDCG=0.370725, MRR=0.348378, AUC=0.821198
79.4s. epoch=30, loss_total=0.349021, loss_joint=0.515559, loss_lasso=0.001143, val_l=0.281468. 54.9s
App: loss=0.177267, val_l=0.208583, HR=0.833023, NDCG=0.662302, MRR=0.623030, AUC=0.933616
News: loss=0.335242, val_l=0.354354, HR=0.578469, NDCG=0.383725, MRR=0.362705, AUC=0.823563
79.0s. epoch=31, loss_total=0.343373, loss_joint=0.505853, loss_lasso=0.001146, val_l=0.291884. 55.5s
App: loss=0.175613, val_l=0.225614, HR=0.830514, NDCG=0.657696, MRR=0.618073, AUC=0.932637
News: loss=0.327415, val_l=0.358155, HR=0.574748, NDCG=0.381641, MRR=0.361412, AUC=0.822989
80.1s. epoch=32, loss_total=0.338329, loss_joint=0.497757, loss_lasso=0.001150, val_l=0.301626. 53.8s
App: loss=0.174357, val_l=0.218900, HR=0.833196, NDCG=0.659893, MRR=0.619899, AUC=0.932921
News: loss=0.319994, val_l=0.384353, HR=0.572758, NDCG=0.380782, MRR=0.361251, AUC=0.822903
78.1s. epoch=33, loss_total=0.332575, loss_joint=0.488337, loss_lasso=0.001150, val_l=0.287826. 56.9s
App: loss=0.172609, val_l=0.227745, HR=0.826663, NDCG=0.655355, MRR=0.616555, AUC=0.931055
News: loss=0.312147, val_l=0.347908, HR=0.581801, NDCG=0.398038, MRR=0.380318, AUC=0.824589
80.5s. epoch=34, loss_total=0.327117, loss_joint=0.478626, loss_lasso=0.001152, val_l=0.280233. 55.8s
App: loss=0.170985, val_l=0.210273, HR=0.830081, NDCG=0.657113, MRR=0.617431, AUC=0.931896
News: loss=0.304636, val_l=0.350194, HR=0.580243, NDCG=0.405368, MRR=0.390672, AUC=0.823794
80.2s. epoch=35, loss_total=0.322783, loss_joint=0.471747, loss_lasso=0.001154, val_l=0.281591. 54.7s
App: loss=0.169728, val_l=0.217233, HR=0.832547, NDCG=0.660432, MRR=0.620896, AUC=0.931595
News: loss=0.298607, val_l=0.345950, HR=0.587729, NDCG=0.425150, MRR=0.413722, AUC=0.823896
79.1s. epoch=36, loss_total=0.319084, loss_joint=0.465095, loss_lasso=0.001157, val_l=0.255584. 56.8s
App: loss=0.168866, val_l=0.185001, HR=0.834105, NDCG=0.660009, MRR=0.619736, AUC=0.932527
News: loss=0.293049, val_l=0.326168, HR=0.584137, NDCG=0.402196, MRR=0.385013, AUC=0.825157
80.0s. epoch=37, loss_total=0.314702, loss_joint=0.457558, loss_lasso=0.001158, val_l=0.294480. 57.2s
App: loss=0.167650, val_l=0.196068, HR=0.831595, NDCG=0.661110, MRR=0.622088, AUC=0.931258
News: loss=0.286847, val_l=0.392892, HR=0.582969, NDCG=0.424963, MRR=0.415526, AUC=0.822899
80.7s. epoch=38, loss_total=0.311543, loss_joint=0.451778, loss_lasso=0.001158, val_l=0.278484. 54.5s
App: loss=0.167095, val_l=0.210889, HR=0.832115, NDCG=0.655949, MRR=0.615150, AUC=0.931489
News: loss=0.281746, val_l=0.346079, HR=0.578512, NDCG=0.426130, MRR=0.418799, AUC=0.822516
79.7s. epoch=39, loss_total=0.307164, loss_joint=0.445241, loss_lasso=0.001161, val_l=0.270836. 56.6s
App: loss=0.165206, val_l=0.200528, HR=0.832504, NDCG=0.659584, MRR=0.619846, AUC=0.930689
News: loss=0.276867, val_l=0.341145, HR=0.581325, NDCG=0.422082, MRR=0.412469, AUC=0.822335
80.0s. epoch=40, loss_total=0.304335, loss_joint=0.440253, loss_lasso=0.001161, val_l=0.281273. 55.8s
App: loss=0.164406, val_l=0.223445, HR=0.829345, NDCG=0.657618, MRR=0.618524, AUC=0.930788
News: loss=0.272894, val_l=0.339100, HR=0.574921, NDCG=0.410448, MRR=0.399743, AUC=0.822258
79.7s. epoch=41, loss_total=0.301063, loss_joint=0.434500, loss_lasso=0.001161, val_l=0.255705. 55.0s
App: loss=0.163529, val_l=0.198046, HR=0.832028, NDCG=0.659470, MRR=0.619829, AUC=0.930212
News: loss=0.268202, val_l=0.313364, HR=0.587253, NDCG=0.441862, MRR=0.436057, AUC=0.823779
79.1s. epoch=42, loss_total=0.298251, loss_joint=0.430048, loss_lasso=0.001164, val_l=0.270699. 56.5s
App: loss=0.162503, val_l=0.206194, HR=0.831119, NDCG=0.657574, MRR=0.617691, AUC=0.929885
News: loss=0.264703, val_l=0.335204, HR=0.584094, NDCG=0.439158, MRR=0.433806, AUC=0.823220
80.7s. epoch=43, loss_total=0.295829, loss_joint=0.426046, loss_lasso=0.001162, val_l=0.262504. 55.8s
App: loss=0.162202, val_l=0.181832, HR=0.834408, NDCG=0.658543, MRR=0.617545, AUC=0.931241
News: loss=0.260549, val_l=0.343175, HR=0.588161, NDCG=0.451059, MRR=0.447737, AUC=0.823153
79.4s. epoch=44, loss_total=0.292801, loss_joint=0.420804, loss_lasso=0.001166, val_l=0.255680. 54.3s
App: loss=0.161074, val_l=0.203341, HR=0.830730, NDCG=0.658820, MRR=0.619520, AUC=0.929552
News: loss=0.256824, val_l=0.308019, HR=0.580806, NDCG=0.432863, MRR=0.426816, AUC=0.822300
78.3s. epoch=45, loss_total=0.290804, loss_joint=0.417093, loss_lasso=0.001167, val_l=0.239029. 55.8s
App: loss=0.160898, val_l=0.200281, HR=0.832504, NDCG=0.656935, MRR=0.616301, AUC=0.929842
News: loss=0.253258, val_l=0.277777, HR=0.574272, NDCG=0.421945, MRR=0.415178, AUC=0.821536
79.8s. epoch=46, loss_total=0.288746, loss_joint=0.413426, loss_lasso=0.001167, val_l=0.266478. 55.8s
App: loss=0.160041, val_l=0.206970, HR=0.832417, NDCG=0.659023, MRR=0.619151, AUC=0.930481
News: loss=0.250906, val_l=0.325987, HR=0.582277, NDCG=0.440505, MRR=0.436254, AUC=0.821982
80.3s. epoch=47, loss_total=0.285764, loss_joint=0.408364, loss_lasso=0.001168, val_l=0.261234. 54.4s
App: loss=0.159231, val_l=0.210192, HR=0.830211, NDCG=0.659016, MRR=0.620001, AUC=0.929238
News: loss=0.246649, val_l=0.312276, HR=0.580806, NDCG=0.437922, MRR=0.433571, AUC=0.822476
79.3s. epoch=48, loss_total=0.284577, loss_joint=0.406377, loss_lasso=0.001171, val_l=0.257792. 57.0s
App: loss=0.158863, val_l=0.213228, HR=0.830643, NDCG=0.656971, MRR=0.617069, AUC=0.929529
News: loss=0.245043, val_l=0.302357, HR=0.580070, NDCG=0.440765, MRR=0.437561, AUC=0.820534
78.9s. epoch=49, loss_total=0.282008, loss_joint=0.402642, loss_lasso=0.001168, val_l=0.239922. 54.5s
App: loss=0.157979, val_l=0.207663, HR=0.830816, NDCG=0.659116, MRR=0.619880, AUC=0.928156
News: loss=0.241746, val_l=0.272182, HR=0.574791, NDCG=0.418929, MRR=0.411176, AUC=0.821075
bestHR_app = 0.844014 at epoch 9
bestNDCG_app = 0.665836 at epoch 18
bestMRR_app = 0.624877 at epoch 18
bestAUC_app = 0.938252 at epoch 12
bestHR_news = 0.588161 at epoch 43
bestNDCG_news = 0.451059 at epoch 43
bestMRR_news = 0.447737 at epoch 43
bestAUC_news = 0.825157 at epoch 36
total time = 112.7
