time1507619208_eu32ev32[64, 32, 16, 8]batch128wtask[1, 1]cross_layers2lr0.001std0.01nr1reluadamlosscross
99.5s. epoch=0, loss_total=0.910507, loss_joint=1.118830, val_l=0.466616. 64.5s
App: loss=0.614910, val_l=0.359290, HR=0.915754, NDCG=0.616966, MRR=0.534451, AUC=0.654073
News: loss=0.578935, val_l=0.573942, HR=0.495175, NDCG=0.285046, MRR=0.266644, AUC=0.785960
98.2s. epoch=1, loss_total=0.690130, loss_joint=0.943518, val_l=0.420683. 64.9s
App: loss=0.414362, val_l=0.339265, HR=0.871836, NDCG=0.614562, MRR=0.547600, AUC=0.720006
News: loss=0.540097, val_l=0.502101, HR=0.510839, NDCG=0.295045, MRR=0.273397, AUC=0.799900
94.6s. epoch=2, loss_total=0.615783, loss_joint=0.837779, val_l=0.400083. 65.8s
App: loss=0.356997, val_l=0.292020, HR=0.799100, NDCG=0.607017, MRR=0.564467, AUC=0.910795
News: loss=0.506840, val_l=0.508146, HR=0.534118, NDCG=0.311440, MRR=0.285600, AUC=0.813791
95.8s. epoch=3, loss_total=0.553047, loss_joint=0.787186, val_l=0.395388. 61.3s
App: loss=0.306185, val_l=0.293045, HR=0.812297, NDCG=0.619670, MRR=0.575758, AUC=0.923963
News: loss=0.483486, val_l=0.497730, HR=0.546190, NDCG=0.320117, MRR=0.291908, AUC=0.823260
98.2s. epoch=4, loss_total=0.525637, loss_joint=0.752606, val_l=0.364089. 63.8s
App: loss=0.288862, val_l=0.274874, HR=0.819740, NDCG=0.624858, MRR=0.579484, AUC=0.927905
News: loss=0.463731, val_l=0.453304, HR=0.558132, NDCG=0.331092, MRR=0.301416, AUC=0.829350
96.3s. epoch=5, loss_total=0.502503, loss_joint=0.719267, val_l=0.358502. 64.4s
App: loss=0.276593, val_l=0.283503, HR=0.826706, NDCG=0.634466, MRR=0.589387, AUC=0.930925
News: loss=0.442451, val_l=0.433500, HR=0.576306, NDCG=0.344642, MRR=0.311819, AUC=0.836834
97.0s. epoch=6, loss_total=0.480760, loss_joint=0.686759, val_l=0.356806. 69.6s
App: loss=0.266884, val_l=0.301518, HR=0.828566, NDCG=0.639075, MRR=0.594560, AUC=0.932922
News: loss=0.418880, val_l=0.412094, HR=0.597724, NDCG=0.357033, MRR=0.319400, AUC=0.844337
96.0s. epoch=7, loss_total=0.460397, loss_joint=0.656279, val_l=0.336001. 71.7s
App: loss=0.258523, val_l=0.268224, HR=0.835836, NDCG=0.645091, MRR=0.599566, AUC=0.934763
News: loss=0.395375, val_l=0.403777, HR=0.611094, NDCG=0.369633, MRR=0.330479, AUC=0.851139
96.0s. epoch=8, loss_total=0.444249, loss_joint=0.631228, val_l=0.322033. 66.2s
App: loss=0.251794, val_l=0.259156, HR=0.838259, NDCG=0.649044, MRR=0.603757, AUC=0.935829
News: loss=0.376927, val_l=0.384909, HR=0.623340, NDCG=0.381827, MRR=0.341359, AUC=0.857114
99.2s. epoch=9, loss_total=0.429804, loss_joint=0.609143, val_l=0.330971. 62.1s
App: loss=0.244955, val_l=0.262322, HR=0.839860, NDCG=0.654594, MRR=0.610370, AUC=0.936733
News: loss=0.362033, val_l=0.399620, HR=0.636364, NDCG=0.391425, MRR=0.348700, AUC=0.862314
94.0s. epoch=10, loss_total=0.418536, loss_joint=0.593142, val_l=0.314371. 70.8s
App: loss=0.238844, val_l=0.249204, HR=0.837956, NDCG=0.655766, MRR=0.612626, AUC=0.936708
News: loss=0.351930, val_l=0.379537, HR=0.641426, NDCG=0.396819, MRR=0.353675, AUC=0.864569
93.1s. epoch=11, loss_total=0.409336, loss_joint=0.579592, val_l=0.312516. 58.8s
App: loss=0.234899, val_l=0.249224, HR=0.840552, NDCG=0.657868, MRR=0.614311, AUC=0.936985
News: loss=0.341638, val_l=0.375807, HR=0.646662, NDCG=0.399494, MRR=0.355032, AUC=0.866644
94.6s. epoch=12, loss_total=0.399658, loss_joint=0.565392, val_l=0.295254. 60.6s
App: loss=0.229777, val_l=0.239165, HR=0.841288, NDCG=0.660678, MRR=0.617671, AUC=0.937380
News: loss=0.332717, val_l=0.351343, HR=0.648739, NDCG=0.401974, MRR=0.357426, AUC=0.867157
90.4s. epoch=13, loss_total=0.391794, loss_joint=0.553803, val_l=0.288970. 59.0s
App: loss=0.226124, val_l=0.242022, HR=0.842629, NDCG=0.662237, MRR=0.619163, AUC=0.937802
News: loss=0.324469, val_l=0.335918, HR=0.649431, NDCG=0.402819, MRR=0.358256, AUC=0.867162
93.6s. epoch=14, loss_total=0.384486, loss_joint=0.542667, val_l=0.285533. 61.0s
App: loss=0.222387, val_l=0.239789, HR=0.842326, NDCG=0.662714, MRR=0.619871, AUC=0.937828
News: loss=0.317476, val_l=0.331276, HR=0.650556, NDCG=0.403707, MRR=0.359011, AUC=0.867321
92.0s. epoch=15, loss_total=0.378073, loss_joint=0.533669, val_l=0.285085. 56.8s
App: loss=0.219013, val_l=0.248273, HR=0.840942, NDCG=0.661732, MRR=0.619251, AUC=0.937656
News: loss=0.311524, val_l=0.321896, HR=0.649907, NDCG=0.403840, MRR=0.359381, AUC=0.868727
91.8s. epoch=16, loss_total=0.371600, loss_joint=0.524028, val_l=0.271311. 61.4s
App: loss=0.216175, val_l=0.210005, HR=0.842889, NDCG=0.663080, MRR=0.620180, AUC=0.936912
News: loss=0.304403, val_l=0.332617, HR=0.648912, NDCG=0.402835, MRR=0.358507, AUC=0.867852
91.0s. epoch=17, loss_total=0.366597, loss_joint=0.516168, val_l=0.276789. 72.3s
App: loss=0.214182, val_l=0.237167, HR=0.843018, NDCG=0.663957, MRR=0.621314, AUC=0.937944
News: loss=0.298507, val_l=0.316411, HR=0.649171, NDCG=0.403051, MRR=0.358641, AUC=0.868603
92.1s. epoch=18, loss_total=0.360832, loss_joint=0.507718, val_l=0.269961. 58.5s
App: loss=0.211408, val_l=0.226191, HR=0.841591, NDCG=0.664686, MRR=0.622845, AUC=0.938301
News: loss=0.292650, val_l=0.313731, HR=0.652027, NDCG=0.406098, MRR=0.361478, AUC=0.869361
91.9s. epoch=19, loss_total=0.356341, loss_joint=0.500919, val_l=0.272456. 57.9s
App: loss=0.209264, val_l=0.230509, HR=0.844533, NDCG=0.665798, MRR=0.623154, AUC=0.937887
News: loss=0.288053, val_l=0.314403, HR=0.652287, NDCG=0.408111, MRR=0.363983, AUC=0.869115
92.9s. epoch=20, loss_total=0.351195, loss_joint=0.492852, val_l=0.274207. 59.5s
App: loss=0.206839, val_l=0.235585, HR=0.844446, NDCG=0.665355, MRR=0.622567, AUC=0.938404
News: loss=0.282724, val_l=0.312829, HR=0.653412, NDCG=0.409058, MRR=0.364800, AUC=0.869207
92.1s. epoch=21, loss_total=0.346606, loss_joint=0.486653, val_l=0.265697. 59.3s
App: loss=0.204570, val_l=0.223329, HR=0.842196, NDCG=0.663764, MRR=0.621449, AUC=0.938138
News: loss=0.278181, val_l=0.308065, HR=0.652070, NDCG=0.408551, MRR=0.364709, AUC=0.868669
94.7s. epoch=22, loss_total=0.342343, loss_joint=0.479618, val_l=0.263517. 58.7s
App: loss=0.202843, val_l=0.211526, HR=0.843408, NDCG=0.667198, MRR=0.625370, AUC=0.938557
News: loss=0.273214, val_l=0.315508, HR=0.652027, NDCG=0.408598, MRR=0.364724, AUC=0.868155
93.1s. epoch=23, loss_total=0.338481, loss_joint=0.473782, val_l=0.257265. 58.4s
App: loss=0.200986, val_l=0.219685, HR=0.842369, NDCG=0.666864, MRR=0.625339, AUC=0.938606
News: loss=0.269286, val_l=0.294844, HR=0.651119, NDCG=0.407787, MRR=0.364046, AUC=0.867250
96.8s. epoch=24, loss_total=0.333534, loss_joint=0.467084, val_l=0.260053. 59.7s
App: loss=0.198021, val_l=0.210423, HR=0.840639, NDCG=0.666355, MRR=0.625356, AUC=0.937740
News: loss=0.265406, val_l=0.309683, HR=0.655186, NDCG=0.410812, MRR=0.366251, AUC=0.867731
98.2s. epoch=25, loss_total=0.330033, loss_joint=0.460872, val_l=0.260150. 61.3s
App: loss=0.196965, val_l=0.220576, HR=0.841331, NDCG=0.667660, MRR=0.626791, AUC=0.937939
News: loss=0.260619, val_l=0.299724, HR=0.654796, NDCG=0.409708, MRR=0.365088, AUC=0.868440
93.2s. epoch=26, loss_total=0.326286, loss_joint=0.456687, val_l=0.254101. 60.8s
App: loss=0.194224, val_l=0.198985, HR=0.839600, NDCG=0.665904, MRR=0.625146, AUC=0.937109
News: loss=0.258647, val_l=0.309217, HR=0.653542, NDCG=0.410352, MRR=0.366416, AUC=0.867940
107.5s. epoch=27, loss_total=0.322862, loss_joint=0.450837, val_l=0.261719. 75.2s
App: loss=0.192789, val_l=0.216477, HR=0.840422, NDCG=0.667637, MRR=0.627029, AUC=0.936792
News: loss=0.254751, val_l=0.306961, HR=0.654537, NDCG=0.410726, MRR=0.366587, AUC=0.868310
100.2s. epoch=28, loss_total=0.319665, loss_joint=0.446002, val_l=0.252808. 68.0s
App: loss=0.191326, val_l=0.210375, HR=0.841937, NDCG=0.669102, MRR=0.628487, AUC=0.936553
News: loss=0.251355, val_l=0.295241, HR=0.652719, NDCG=0.410363, MRR=0.366754, AUC=0.866600
100.5s. epoch=29, loss_total=0.316240, loss_joint=0.441088, val_l=0.252285. 66.9s
App: loss=0.189425, val_l=0.214106, HR=0.844446, NDCG=0.670792, MRR=0.629688, AUC=0.936888
News: loss=0.248371, val_l=0.290465, HR=0.654537, NDCG=0.410278, MRR=0.365839, AUC=0.867093
103.7s. epoch=30, loss_total=0.313428, loss_joint=0.437266, val_l=0.237852. 69.4s
App: loss=0.187671, val_l=0.197154, HR=0.841807, NDCG=0.666737, MRR=0.625439, AUC=0.935287
News: loss=0.246299, val_l=0.278550, HR=0.650643, NDCG=0.409607, MRR=0.366592, AUC=0.866797
98.8s. epoch=31, loss_total=0.310488, loss_joint=0.433135, val_l=0.237357. 67.3s
App: loss=0.186009, val_l=0.197101, HR=0.842672, NDCG=0.667253, MRR=0.625719, AUC=0.935449
News: loss=0.243795, val_l=0.277613, HR=0.653671, NDCG=0.410882, MRR=0.366983, AUC=0.866450
100.1s. epoch=32, loss_total=0.308055, loss_joint=0.429416, val_l=0.257843. 67.5s
App: loss=0.185136, val_l=0.223454, HR=0.842932, NDCG=0.671786, MRR=0.631532, AUC=0.936599
News: loss=0.240739, val_l=0.292233, HR=0.655272, NDCG=0.413468, MRR=0.369633, AUC=0.867439
98.1s. epoch=33, loss_total=0.305600, loss_joint=0.425866, val_l=0.261476. 69.1s
App: loss=0.183508, val_l=0.219848, HR=0.840552, NDCG=0.666693, MRR=0.625835, AUC=0.935659
News: loss=0.239121, val_l=0.303104, HR=0.653758, NDCG=0.410504, MRR=0.366354, AUC=0.866576
100.8s. epoch=34, loss_total=0.303238, loss_joint=0.421792, val_l=0.238083. 73.1s
App: loss=0.182861, val_l=0.203907, HR=0.841331, NDCG=0.667086, MRR=0.626053, AUC=0.933845
News: loss=0.235762, val_l=0.272259, HR=0.650037, NDCG=0.409272, MRR=0.366208, AUC=0.865694
96.4s. epoch=35, loss_total=0.300670, loss_joint=0.418907, val_l=0.253072. 67.9s
App: loss=0.181061, val_l=0.214299, HR=0.841115, NDCG=0.668786, MRR=0.628403, AUC=0.934067
News: loss=0.234257, val_l=0.291845, HR=0.657522, NDCG=0.414186, MRR=0.369622, AUC=0.867808
105.8s. epoch=36, loss_total=0.299122, loss_joint=0.416641, val_l=0.236096. 67.7s
App: loss=0.180278, val_l=0.191043, HR=0.842067, NDCG=0.668752, MRR=0.627985, AUC=0.934230
News: loss=0.232761, val_l=0.281148, HR=0.653931, NDCG=0.410606, MRR=0.366515, AUC=0.866984
103.2s. epoch=37, loss_total=0.297030, loss_joint=0.413747, val_l=0.239745. 67.2s
App: loss=0.179006, val_l=0.199321, HR=0.841764, NDCG=0.666281, MRR=0.624874, AUC=0.934153
News: loss=0.231153, val_l=0.280168, HR=0.654623, NDCG=0.411622, MRR=0.367541, AUC=0.867832
104.1s. epoch=38, loss_total=0.295298, loss_joint=0.410843, val_l=0.240861. 67.5s
App: loss=0.178095, val_l=0.193148, HR=0.841547, NDCG=0.665400, MRR=0.623805, AUC=0.932888
News: loss=0.229545, val_l=0.288574, HR=0.653282, NDCG=0.409609, MRR=0.365432, AUC=0.867166
98.7s. epoch=39, loss_total=0.293792, loss_joint=0.408941, val_l=0.237783. 67.1s
App: loss=0.177339, val_l=0.184338, HR=0.843884, NDCG=0.667645, MRR=0.625717, AUC=0.933437
News: loss=0.228077, val_l=0.291228, HR=0.654364, NDCG=0.410078, MRR=0.365666, AUC=0.866487
102.9s. epoch=40, loss_total=0.292509, loss_joint=0.406588, val_l=0.240344. 68.5s
App: loss=0.176735, val_l=0.189961, HR=0.841720, NDCG=0.669726, MRR=0.629286, AUC=0.933187
News: loss=0.226747, val_l=0.290727, HR=0.657003, NDCG=0.412605, MRR=0.367726, AUC=0.867929
98.8s. epoch=41, loss_total=0.290648, loss_joint=0.403846, val_l=0.241631. 65.8s
App: loss=0.175634, val_l=0.194893, HR=0.839254, NDCG=0.667098, MRR=0.626903, AUC=0.932694
News: loss=0.225257, val_l=0.288369, HR=0.657090, NDCG=0.413121, MRR=0.368406, AUC=0.867589
104.5s. epoch=42, loss_total=0.289823, loss_joint=0.403209, val_l=0.235208. 68.2s
App: loss=0.175190, val_l=0.173776, HR=0.840293, NDCG=0.666551, MRR=0.625734, AUC=0.931527
News: loss=0.224512, val_l=0.296639, HR=0.659123, NDCG=0.412674, MRR=0.367037, AUC=0.868352
98.8s. epoch=43, loss_total=0.288455, loss_joint=0.400815, val_l=0.243100. 70.6s
App: loss=0.174470, val_l=0.176435, HR=0.839514, NDCG=0.665493, MRR=0.624764, AUC=0.932060
News: loss=0.223242, val_l=0.309764, HR=0.657003, NDCG=0.408747, MRR=0.362853, AUC=0.867446
100.0s. epoch=44, loss_total=0.286818, loss_joint=0.397983, val_l=0.231753. 68.2s
App: loss=0.173504, val_l=0.185044, HR=0.842499, NDCG=0.669370, MRR=0.628579, AUC=0.931810
News: loss=0.221929, val_l=0.278462, HR=0.656614, NDCG=0.410137, MRR=0.364728, AUC=0.865925
99.3s. epoch=45, loss_total=0.285020, loss_joint=0.395861, val_l=0.245064. 75.1s
App: loss=0.172707, val_l=0.187438, HR=0.844490, NDCG=0.668576, MRR=0.626785, AUC=0.932540
News: loss=0.219968, val_l=0.302690, HR=0.657220, NDCG=0.411879, MRR=0.366765, AUC=0.866839
99.8s. epoch=46, loss_total=0.284070, loss_joint=0.394784, val_l=0.240979. 67.2s
App: loss=0.171646, val_l=0.195094, HR=0.839990, NDCG=0.666381, MRR=0.625678, AUC=0.931533
News: loss=0.220185, val_l=0.286863, HR=0.656744, NDCG=0.411353, MRR=0.366261, AUC=0.866625
100.7s. epoch=47, loss_total=0.283104, loss_joint=0.394010, val_l=0.253622. 74.5s
App: loss=0.171414, val_l=0.215440, HR=0.844317, NDCG=0.670938, MRR=0.629951, AUC=0.932513
News: loss=0.218749, val_l=0.291803, HR=0.657609, NDCG=0.411159, MRR=0.365651, AUC=0.866718
98.3s. epoch=48, loss_total=0.282093, loss_joint=0.391513, val_l=0.242693. 68.5s
App: loss=0.171062, val_l=0.184013, HR=0.843451, NDCG=0.670973, MRR=0.630259, AUC=0.931821
News: loss=0.217456, val_l=0.301372, HR=0.658907, NDCG=0.412891, MRR=0.367396, AUC=0.867190
99.6s. epoch=49, loss_total=0.280577, loss_joint=0.389895, val_l=0.224820. 71.2s
App: loss=0.170056, val_l=0.183960, HR=0.838475, NDCG=0.662983, MRR=0.621808, AUC=0.931118
News: loss=0.216457, val_l=0.265681, HR=0.658215, NDCG=0.412693, MRR=0.367421, AUC=0.866202
bestHR_app = 0.844533 at epoch 19
bestNDCG_app = 0.671786 at epoch 32
bestMRR_app = 0.631532 at epoch 32
bestAUC_app = 0.938606 at epoch 23
bestHR_news = 0.659123 at epoch 42
bestNDCG_news = 0.414186 at epoch 35
bestMRR_news = 0.369633 at epoch 32
bestAUC_news = 0.869361 at epoch 18
total time = 136.0
